2019/07/24 19:18:18 INFO  - jmeter.util.JMeterUtils: Setting Locale to ko_KR 
2019/07/24 19:18:18 ERROR - jmeter.util.JMeterUtils: Could not find resources for 'ko_KR' 
2019/07/24 19:18:18 INFO  - jmeter.JMeter: Loading user properties from: /Users/theodorecha/각종문서/어니컴/마사회/스크립트_자료/gcp_jmeter_script/apache-jmeter-2.9-client/bin/user.properties 
2019/07/24 19:18:18 INFO  - jmeter.JMeter: Loading system properties from: /Users/theodorecha/각종문서/어니컴/마사회/스크립트_자료/gcp_jmeter_script/apache-jmeter-2.9-client/bin/system.properties 
2019/07/24 19:18:18 INFO  - jmeter.JMeter: Setting System property: java.rmi.server.hostname=127.0.0.1 
2019/07/24 19:18:18 INFO  - jmeter.JMeter: Copyright (c) 1998-2013 The Apache Software Foundation 
2019/07/24 19:18:18 INFO  - jmeter.JMeter: Version 2.9 r1437961 
2019/07/24 19:18:18 INFO  - jmeter.JMeter: java.version=1.8.0_171 
2019/07/24 19:18:18 INFO  - jmeter.JMeter: java.vm.name=Java HotSpot(TM) 64-Bit Server VM 
2019/07/24 19:18:18 INFO  - jmeter.JMeter: os.name=Mac OS X 
2019/07/24 19:18:18 INFO  - jmeter.JMeter: os.arch=x86_64 
2019/07/24 19:18:18 INFO  - jmeter.JMeter: os.version=10.14.5 
2019/07/24 19:18:18 INFO  - jmeter.JMeter: file.encoding=UTF-8 
2019/07/24 19:18:18 INFO  - jmeter.JMeter: Default Locale=한국어 (대한민국) 
2019/07/24 19:18:18 INFO  - jmeter.JMeter: JMeter  Locale=한국어 (대한민국) 
2019/07/24 19:18:18 INFO  - jmeter.JMeter: JMeterHome=/Users/theodorecha/각종문서/어니컴/마사회/스크립트_자료/gcp_jmeter_script/apache-jmeter-2.9-client 
2019/07/24 19:18:18 INFO  - jmeter.JMeter: user.dir  =/Users/theodorecha/각종문서/어니컴/마사회/스크립트_자료/gcp_jmeter_script 
2019/07/24 19:18:18 INFO  - jmeter.JMeter: PWD       =/Users/theodorecha/각종문서/어니컴/마사회/스크립트_자료/gcp_jmeter_script 
2019/07/24 19:18:18 INFO  - jmeter.JMeter: IP: 172.30.1.18 Name: Theodoreui-MacBook-Pro.local FullName: 172.30.1.18 
2019/07/24 19:18:18 INFO  - jmeter.JMeter: Loaded icon properties from org/apache/jmeter/images/icon.properties 
2019/07/24 19:18:20 INFO  - jmeter.engine.util.CompoundVariable: Note: Function class names must contain the string: '.functions.' 
2019/07/24 19:18:20 INFO  - jmeter.engine.util.CompoundVariable: Note: Function class names must not contain the string: '.gui.' 
2019/07/24 19:18:20 INFO  - jmeter.gui.action.LookAndFeelCommand: Using look and feel: com.apple.laf.AquaLookAndFeel [Mac OS X, System] 
2019/07/24 19:18:21 INFO  - jmeter.util.BSFTestElement: Registering JMeter version of JavaScript engine as work-round for BSF-22 
2019/07/24 19:18:21 INFO  - jmeter.protocol.http.sampler.HTTPSamplerBase: Cannot find .className property for htmlParser, using default 
2019/07/24 19:18:21 INFO  - jmeter.protocol.http.sampler.HTTPSamplerBase: Parser for text/html is  
2019/07/24 19:18:21 INFO  - jmeter.protocol.http.sampler.HTTPSamplerBase: Parser for application/xhtml+xml is  
2019/07/24 19:18:21 INFO  - jmeter.protocol.http.sampler.HTTPSamplerBase: Parser for application/xml is  
2019/07/24 19:18:21 INFO  - jmeter.protocol.http.sampler.HTTPSamplerBase: Parser for text/xml is  
2019/07/24 19:18:21 INFO  - jmeter.protocol.http.sampler.HTTPSamplerBase: Parser for text/vnd.wap.wml is org.apache.jmeter.protocol.http.parser.RegexpHTMLParser 
2019/07/24 19:18:21 INFO  - jmeter.protocol.http.sampler.HTTPSamplerBase: Reuse SSL session context on subsequent iterations: true 
2019/07/24 19:18:22 INFO  - jmeter.gui.util.MenuFactory: Skipping org.apache.jmeter.protocol.http.modifier.gui.ParamModifierGui 
2019/07/24 19:18:22 INFO  - jmeter.samplers.SampleResult: Note: Sample TimeStamps are START times 
2019/07/24 19:18:22 INFO  - jmeter.samplers.SampleResult: sampleresult.default.encoding is set to ISO-8859-1 
2019/07/24 19:18:22 INFO  - jmeter.samplers.SampleResult: sampleresult.useNanoTime=true 
2019/07/24 19:18:22 INFO  - jmeter.samplers.SampleResult: sampleresult.nanoThreadSleep=5000 
